::1 - - [29/Oct/2020:14:45:55 -0500] "GET / HTTP/1.1" 200 4711
::1 - - [29/Oct/2020:14:45:55 -0500] "GET /css/index.css HTTP/1.1" 200 188
::1 - - [29/Oct/2020:14:45:55 -0500] "GET /css/main.css HTTP/1.1" 200 6990
::1 - - [29/Oct/2020:14:45:55 -0500] "GET /js/main.js HTTP/1.1" 200 6460
::1 - - [29/Oct/2020:14:45:56 -0500] "GET /img/Faber-Files-Bionicle-logo-Transparent.png HTTP/1.1" 200 186514
::1 - - [29/Oct/2020:14:45:56 -0500] "GET /img/background-image.png HTTP/1.1" 200 496609
::1 - - [29/Oct/2020:14:45:56 -0500] "GET /fonts/GillSansStd-Light.woff2 HTTP/1.1" 200 11520
::1 - - [29/Oct/2020:14:45:56 -0500] "GET /php/initread.php HTTP/1.1" 200 638
::1 - - [29/Oct/2020:14:45:56 -0500] "GET /favicon.ico HTTP/1.1" 200 73717
::1 - - [29/Oct/2020:14:46:02 -0500] "GET /read/ HTTP/1.1" 200 4919
::1 - - [29/Oct/2020:14:46:02 -0500] "GET /css/modal.css HTTP/1.1" 200 3066
::1 - - [29/Oct/2020:14:46:02 -0500] "GET /css/read.css HTTP/1.1" 200 85
::1 - - [29/Oct/2020:14:46:02 -0500] "GET /js/language.js HTTP/1.1" 200 493
::1 - - [29/Oct/2020:14:46:02 -0500] "GET /js/modal.js HTTP/1.1" 200 2524
::1 - - [29/Oct/2020:14:46:02 -0500] "GET /js/collapsible.js HTTP/1.1" 200 1698
::1 - - [29/Oct/2020:14:46:02 -0500] "GET /js/indeterminate.js HTTP/1.1" 200 1118
::1 - - [29/Oct/2020:14:46:02 -0500] "GET /fonts/TradeMarker-Bold.woff2 HTTP/1.1" 200 8692
::1 - - [29/Oct/2020:14:46:02 -0500] "GET /js/slideshow.js HTTP/1.1" 200 1450
::1 - - [29/Oct/2020:14:46:02 -0500] "GET /favicon.ico HTTP/1.1" 200 73717
::1 - - [29/Oct/2020:14:46:10 -0500] "GET /search/ HTTP/1.1" 200 3364
::1 - - [29/Oct/2020:14:46:23 -0500] "GET /phpmyadmin HTTP/1.1" 301 241
::1 - - [29/Oct/2020:14:46:23 -0500] "GET /phpmyadmin/ HTTP/1.1" 200 8469
::1 - - [29/Oct/2020:14:46:24 -0500] "GET /phpmyadmin/themes/pmahomme/jquery/jquery-ui-1.9.2.custom.css HTTP/1.1" 200 32278
::1 - - [29/Oct/2020:14:46:24 -0500] "GET /phpmyadmin/js/get_scripts.js.php?scripts[]=jquery/jquery-1.8.3.js&scripts[]=ajax.js&scripts[]=keyhandler.js&scripts[]=jquery/jquery-ui-1.9.2.custom.js&scripts[]=jquery/jquery.sprintf.js&scripts[]=jquery/jquery.cookie.js&scripts[]=jquery/jquery.mousewheel.js&scripts[]=jquery/jquery.event.drag-2.2.js&scripts[]=jquery/jquery-ui-timepicker-addon.js&scripts[]=jquery/jquery.ba-hashchange-1.3.js&scripts[]=jquery/jquery.debounce-1.0.5.js&scripts[]=jquery/jquery.menuResizer-1.0.js&scripts[]=rte.js&scripts[]=functions.js&scripts[]=navigation.js&scripts[]=indexes.js&scripts[]=common.js&scripts[]=codemirror/lib/codemirror.js&scripts[]=codemirror/mode/mysql/mysql.js HTTP/1.1" 200 578562
::1 - - [29/Oct/2020:14:46:24 -0500] "GET /phpmyadmin/phpmyadmin.css.php?server=1&lang=en&collation_connection=utf8_general_ci&token=ee6786720023225fc1ec341830679f61&nocache=4772820726ltr HTTP/1.1" 200 88608
::1 - - [29/Oct/2020:14:46:24 -0500] "GET /phpmyadmin/js/get_image.js.php?theme=pmahomme HTTP/1.1" 200 6263
::1 - - [29/Oct/2020:14:46:24 -0500] "GET /phpmyadmin/js/messages.php?lang=en&db=&server=0&collation_connection=utf8_general_ci&token=8e071982cbbfb7b0d1a90ab842b3183b HTTP/1.1" 200 16674
::1 - - [29/Oct/2020:14:46:24 -0500] "GET /phpmyadmin/themes/dot.gif HTTP/1.1" 200 43
::1 - - [29/Oct/2020:14:46:24 -0500] "GET /phpmyadmin/themes/pmahomme/img/logo_right.png HTTP/1.1" 200 4548
::1 - - [29/Oct/2020:14:46:24 -0500] "GET /phpmyadmin/themes/pmahomme/img/sprites.png HTTP/1.1" 200 61899
::1 - - [29/Oct/2020:14:46:24 -0500] "GET /phpmyadmin/favicon.ico HTTP/1.1" 200 18902
::1 - - [29/Oct/2020:14:46:25 -0500] "GET / HTTP/1.1" 200 4711
::1 - - [29/Oct/2020:14:46:25 -0500] "GET /css/main.css HTTP/1.1" 200 6990
::1 - - [29/Oct/2020:14:46:25 -0500] "GET /js/main.js HTTP/1.1" 200 6460
::1 - - [29/Oct/2020:14:46:25 -0500] "GET /css/index.css HTTP/1.1" 200 188
::1 - - [29/Oct/2020:14:46:25 -0500] "GET /img/Faber-Files-Bionicle-logo-Transparent.png HTTP/1.1" 200 186514
::1 - - [29/Oct/2020:14:46:25 -0500] "GET /fonts/GillSansStd-Light.woff2 HTTP/1.1" 200 11520
::1 - - [29/Oct/2020:14:46:30 -0500] "POST /phpmyadmin/index.php HTTP/1.1" 302 -
::1 - - [29/Oct/2020:14:46:30 -0500] "GET /phpmyadmin/index.php?token=ee6786720023225fc1ec341830679f61 HTTP/1.1" 200 42535
::1 - - [29/Oct/2020:14:46:30 -0500] "GET /phpmyadmin/phpmyadmin.css.php?server=1&token=ee6786720023225fc1ec341830679f61&nocache=6376821516ltr HTTP/1.1" 200 88608
::1 - - [29/Oct/2020:14:46:30 -0500] "GET /phpmyadmin/js/messages.php?lang=en&db=&server=0&token=ee6786720023225fc1ec341830679f61 HTTP/1.1" 200 16674
::1 - - [29/Oct/2020:14:46:30 -0500] "GET /phpmyadmin/themes/pmahomme/img/ajax_clock_small.gif HTTP/1.1" 200 1810
::1 - - [29/Oct/2020:14:46:30 -0500] "GET /phpmyadmin/themes/pmahomme/img/logo_left.png HTTP/1.1" 200 2327
::1 - - [29/Oct/2020:14:46:30 -0500] "GET /phpmyadmin/themes/pmahomme/img/left_nav_bg.png HTTP/1.1" 200 297
::1 - - [29/Oct/2020:14:46:30 -0500] "GET /phpmyadmin/version_check.php?&_nocache=1604000790636773866 HTTP/1.1" 200 -
::1 - - [29/Oct/2020:14:46:32 -0500] "GET /phpmyadmin/server_databases.php?db=&token=ee6786720023225fc1ec341830679f61&ajax_request=true&ajax_page_request=true&menuHashes=1dbebb88&_nocache=1604000792013272950 HTTP/1.1" 200 33134
::1 - - [29/Oct/2020:14:46:32 -0500] "GET /phpmyadmin/themes/pmahomme/img/arrow_ltr.png HTTP/1.1" 200 139
::1 - - [29/Oct/2020:14:46:32 -0500] "GET /phpmyadmin/js/get_scripts.js.php?scripts[]=server_databases.js HTTP/1.1" 200 1818
::1 - - [29/Oct/2020:14:46:32 -0500] "GET /phpmyadmin/favicon.ico HTTP/1.1" 200 18902
::1 - - [29/Oct/2020:14:46:33 -0500] "GET /phpmyadmin/db_structure.php?token=ee6786720023225fc1ec341830679f61&db=test&ajax_request=true&ajax_page_request=true&menuHashes=1dbebb88-9ba05b64&_nocache=1604000793367155145 HTTP/1.1" 200 21066
::1 - - [29/Oct/2020:14:46:33 -0500] "GET /phpmyadmin/js/get_scripts.js.php?scripts[]=db_structure.js&scripts[]=tbl_change.js HTTP/1.1" 200 12382
::1 - - [29/Oct/2020:14:46:34 -0500] "GET /read/ HTTP/1.1" 200 4919
::1 - - [29/Oct/2020:14:46:34 -0500] "GET /css/modal.css HTTP/1.1" 200 3066
::1 - - [29/Oct/2020:14:46:34 -0500] "GET /css/read.css HTTP/1.1" 200 85
::1 - - [29/Oct/2020:14:46:34 -0500] "GET /js/modal.js HTTP/1.1" 200 2524
::1 - - [29/Oct/2020:14:46:34 -0500] "GET /js/collapsible.js HTTP/1.1" 200 1698
::1 - - [29/Oct/2020:14:46:34 -0500] "GET /js/indeterminate.js HTTP/1.1" 200 1118
::1 - - [29/Oct/2020:14:46:34 -0500] "GET /fonts/TradeMarker-Bold.woff2 HTTP/1.1" 200 8692
::1 - - [29/Oct/2020:14:46:34 -0500] "GET /js/language.js HTTP/1.1" 200 493
::1 - - [29/Oct/2020:14:46:34 -0500] "GET /js/slideshow.js HTTP/1.1" 200 1450
::1 - - [29/Oct/2020:14:46:34 -0500] "GET /favicon.ico HTTP/1.1" 200 73717
::1 - - [29/Oct/2020:14:46:38 -0500] "GET /phpmyadmin/db_structure.php?token=ee6786720023225fc1ec341830679f61&db=test&ajax_request=true&ajax_page_request=true&menuHashes=1dbebb88-9ba05b64-5e711a39&_nocache=1604000798609219875 HTTP/1.1" 200 18026
::1 - - [29/Oct/2020:14:46:46 -0500] "GET /phpmyadmin/sql.php?db=test&token=ee6786720023225fc1ec341830679f61&goto=db_structure.php&table=contents&pos=0&ajax_request=true&ajax_page_request=true&menuHashes=1dbebb88-9ba05b64-5e711a39&_nocache=1604000806101167652 HTTP/1.1" 200 34438
::1 - - [29/Oct/2020:14:46:46 -0500] "GET /phpmyadmin/themes/pmahomme/img/s_fulltext.png HTTP/1.1" 200 193
::1 - - [29/Oct/2020:14:46:46 -0500] "GET /phpmyadmin/js/get_scripts.js.php?scripts[]=tbl_structure.js&scripts[]=gis_data_editor.js&scripts[]=makegrid.js&scripts[]=sql.js HTTP/1.1" 200 50287
::1 - - [29/Oct/2020:14:46:46 -0500] "GET /phpmyadmin/index.php?ajax_request=1&recent_table=1&token=ee6786720023225fc1ec341830679f61 HTTP/1.1" 200 208
::1 - - [29/Oct/2020:14:46:46 -0500] "GET /phpmyadmin/themes/pmahomme/img/col_drop.png HTTP/1.1" 200 132
::1 - - [29/Oct/2020:14:46:46 -0500] "GET /phpmyadmin/themes/pmahomme/img/col_pointer.png HTTP/1.1" 200 113
::1 - - [29/Oct/2020:14:46:49 -0500] "GET /phpmyadmin/themes/pmahomme/jquery/images/ui-bg_flat_0_aaaaaa_40x100.png HTTP/1.1" 200 180
::1 - - [29/Oct/2020:14:46:49 -0500] "GET /phpmyadmin/themes/pmahomme/jquery/images/ui-icons_222222_256x240.png HTTP/1.1" 200 4369
::1 - - [29/Oct/2020:14:46:49 -0500] "GET /phpmyadmin/themes/pmahomme/jquery/images/ui-bg_flat_75_ffffff_40x100.png HTTP/1.1" 200 178
::1 - - [29/Oct/2020:14:46:49 -0500] "GET /phpmyadmin/themes/pmahomme/jquery/images/ui-bg_glass_75_e6e6e6_1x400.png HTTP/1.1" 200 110
::1 - - [29/Oct/2020:14:46:49 -0500] "GET /phpmyadmin/themes/pmahomme/jquery/images/ui-bg_highlight-soft_75_cccccc_1x100.png HTTP/1.1" 200 101
::1 - - [29/Oct/2020:14:46:49 -0500] "GET /phpmyadmin/themes/pmahomme/jquery/images/ui-bg_glass_75_dadada_1x400.png HTTP/1.1" 200 159
::1 - - [29/Oct/2020:14:46:50 -0500] "GET /phpmyadmin/themes/pmahomme/jquery/images/ui-bg_glass_65_ffffff_1x400.png HTTP/1.1" 200 105
::1 - - [29/Oct/2020:14:46:50 -0500] "GET /phpmyadmin/sql.php?db=test&token=ee6786720023225fc1ec341830679f61&goto=db_structure.php&table=jokes_table&reload=1&purge=1&sql_query=DROP+TABLE+%60jokes_table%60&message_to_show=Table+jokes_table+has+been+dropped&is_js_confirmed=1&ajax_request=true&_nocache=1604000810863366413 HTTP/1.1" 200 1814
::1 - - [29/Oct/2020:14:46:50 -0500] "POST /phpmyadmin/navigation.php?ajax_request=1&token=ee6786720023225fc1ec341830679f61 HTTP/1.1" 200 666
::1 - - [29/Oct/2020:14:47:00 -0500] "GET /phpmyadmin/index.php?token=ee6786720023225fc1ec341830679f61&ajax_request=true&ajax_page_request=true&menuHashes=1dbebb88-9ba05b64-5e711a39-6109f640&_nocache=1604000820136767034 HTTP/1.1" 200 35915
::1 - - [29/Oct/2020:14:47:00 -0500] "GET /phpmyadmin/version_check.php?&_nocache=1604000820226252571 HTTP/1.1" 200 -
::1 - - [29/Oct/2020:14:47:00 -0500] "GET /phpmyadmin/favicon.ico HTTP/1.1" 200 18902
::1 - - [29/Oct/2020:14:47:04 -0500] "GET /phpmyadmin/server_databases.php?db=&token=ee6786720023225fc1ec341830679f61&ajax_request=true&ajax_page_request=true&menuHashes=1dbebb88-9ba05b64-5e711a39-6109f640&_nocache=1604000824478189934 HTTP/1.1" 200 30384
::1 - - [29/Oct/2020:14:47:10 -0500] "GET /phpmyadmin/db_structure.php?token=ee6786720023225fc1ec341830679f61&db=test&ajax_request=true&ajax_page_request=true&menuHashes=1dbebb88-9ba05b64-5e711a39-6109f640&_nocache=1604000830263335372 HTTP/1.1" 200 15245
::1 - - [29/Oct/2020:14:47:15 -0500] "GET /phpmyadmin/navigation.php?ajax_request=1&token=ee6786720023225fc1ec341830679f61&aPath=cm9vdA%3D%3D.dGVzdA%3D%3D&vPath=cm9vdA%3D%3D.dGVzdA%3D%3D&pos=0&pos2_name=&pos2_value=&searchClause=&searchClause2=&_nocache=1604000835155769000 HTTP/1.1" 200 3038
::1 - - [29/Oct/2020:14:47:17 -0500] "GET /phpmyadmin/db_structure.php?server=1&db=test&token=ee6786720023225fc1ec341830679f61&ajax_request=true&ajax_page_request=true&menuHashes=1dbebb88-9ba05b64-5e711a39-6109f640&_nocache=1604000837641962170 HTTP/1.1" 200 15247
