[Thu Oct 29 14:45:49.406663 2020] [mpm_winnt:notice] [pid 13616:tid 604] AH00455: Apache/2.4.6 (Win32) PHP/5.4.17 configured -- resuming normal operations
[Thu Oct 29 14:45:49.407660 2020] [mpm_winnt:notice] [pid 13616:tid 604] AH00456: Apache Lounge VC10 Server built: Jul 16 2013 11:15:41
[Thu Oct 29 14:45:49.407660 2020] [core:notice] [pid 13616:tid 604] AH00094: Command line: 'D:\\Wall of History/apache2/bin/httpd_usbwv8.exe -d D:/Wall of History/apache2'
[Thu Oct 29 14:45:49.410653 2020] [mpm_winnt:notice] [pid 13616:tid 604] AH00418: Parent: Created child process 7728
[Thu Oct 29 14:45:49.756728 2020] [mpm_winnt:notice] [pid 7728:tid 848] AH00354: Child: Starting 64 worker threads.
[Thu Oct 29 14:45:56.169344 2020] [:error] [pid 7728:tid 1356] [client ::1:49762] PHP Warning:  mysqli::mysqli(): (HY000/1045): Access denied for user 'jslbrown_user'@'localhost' (using password: YES) in D:\\Wall of History\\root\\php\\db_connect.php on line 9, referer: http://localhost:8080/
[Thu Oct 29 14:45:56.169344 2020] [:error] [pid 7728:tid 1356] [client ::1:49762] PHP Warning:  mysqli_set_charset(): Couldn't fetch mysqli in D:\\Wall of History\\root\\php\\db_connect.php on line 10, referer: http://localhost:8080/
[Thu Oct 29 14:45:56.169344 2020] [:error] [pid 7728:tid 1356] [client ::1:49762] PHP Warning:  mysqli::query(): Couldn't fetch mysqli in D:\\Wall of History\\root\\php\\initread.php on line 8, referer: http://localhost:8080/
[Thu Oct 29 14:45:56.169344 2020] [:error] [pid 7728:tid 1356] [client ::1:49762] PHP Notice:  Trying to get property of non-object in D:\\Wall of History\\root\\php\\initread.php on line 10, referer: http://localhost:8080/
[Thu Oct 29 14:46:02.718768 2020] [:error] [pid 7728:tid 1356] [client ::1:49765] PHP Warning:  mysqli::mysqli(): (HY000/1045): Access denied for user 'jslbrown_user'@'localhost' (using password: YES) in D:\\Wall of History\\root\\php\\db_connect.php on line 9, referer: http://localhost:8080/
[Thu Oct 29 14:46:02.718768 2020] [:error] [pid 7728:tid 1356] [client ::1:49765] PHP Warning:  mysqli_set_charset(): Couldn't fetch mysqli in D:\\Wall of History\\root\\php\\db_connect.php on line 10, referer: http://localhost:8080/
[Thu Oct 29 14:46:02.730737 2020] [:error] [pid 7728:tid 1356] [client ::1:49765] PHP Warning:  mysqli::mysqli(): (HY000/1045): Access denied for user 'jslbrown_user'@'localhost' (using password: YES) in D:\\Wall of History\\root\\php\\db_connect.php on line 9, referer: http://localhost:8080/
[Thu Oct 29 14:46:02.730737 2020] [:error] [pid 7728:tid 1356] [client ::1:49765] PHP Warning:  mysqli_set_charset(): Couldn't fetch mysqli in D:\\Wall of History\\root\\php\\db_connect.php on line 10, referer: http://localhost:8080/
[Thu Oct 29 14:46:02.730737 2020] [:error] [pid 7728:tid 1356] [client ::1:49765] PHP Warning:  mysqli::query(): Couldn't fetch mysqli in D:\\Wall of History\\root\\read\\index.php on line 127, referer: http://localhost:8080/
[Thu Oct 29 14:46:02.730737 2020] [:error] [pid 7728:tid 1356] [client ::1:49765] PHP Notice:  Trying to get property of non-object in D:\\Wall of History\\root\\read\\index.php on line 129, referer: http://localhost:8080/
[Thu Oct 29 14:46:02.730737 2020] [:error] [pid 7728:tid 1356] [client ::1:49765] PHP Warning:  mysqli::close(): Couldn't fetch mysqli in D:\\Wall of History\\root\\read\\index.php on line 156, referer: http://localhost:8080/
[Thu Oct 29 14:46:02.741730 2020] [:error] [pid 7728:tid 1356] [client ::1:49765] PHP Warning:  mysqli::mysqli(): (HY000/1045): Access denied for user 'jslbrown_user'@'localhost' (using password: YES) in D:\\Wall of History\\root\\php\\db_connect.php on line 9, referer: http://localhost:8080/
[Thu Oct 29 14:46:02.741730 2020] [:error] [pid 7728:tid 1356] [client ::1:49765] PHP Warning:  mysqli_set_charset(): Couldn't fetch mysqli in D:\\Wall of History\\root\\php\\db_connect.php on line 10, referer: http://localhost:8080/
[Thu Oct 29 14:46:02.741730 2020] [:error] [pid 7728:tid 1356] [client ::1:49765] PHP Warning:  mysqli::query(): Couldn't fetch mysqli in D:\\Wall of History\\root\\read\\index.php on line 167, referer: http://localhost:8080/
[Thu Oct 29 14:46:02.741730 2020] [:error] [pid 7728:tid 1356] [client ::1:49765] PHP Notice:  Trying to get property of non-object in D:\\Wall of History\\root\\read\\index.php on line 169, referer: http://localhost:8080/
[Thu Oct 29 14:46:02.741730 2020] [:error] [pid 7728:tid 1356] [client ::1:49765] PHP Warning:  mysqli::close(): Couldn't fetch mysqli in D:\\Wall of History\\root\\read\\index.php on line 186, referer: http://localhost:8080/
[Thu Oct 29 14:46:34.657952 2020] [:error] [pid 7728:tid 1340] [client ::1:49798] PHP Warning:  mysqli::mysqli(): (HY000/1045): Access denied for user 'jslbrown_user'@'localhost' (using password: YES) in D:\\Wall of History\\root\\php\\db_connect.php on line 9, referer: http://localhost:8080/
[Thu Oct 29 14:46:34.657952 2020] [:error] [pid 7728:tid 1340] [client ::1:49798] PHP Warning:  mysqli_set_charset(): Couldn't fetch mysqli in D:\\Wall of History\\root\\php\\db_connect.php on line 10, referer: http://localhost:8080/
[Thu Oct 29 14:46:34.668923 2020] [:error] [pid 7728:tid 1340] [client ::1:49798] PHP Warning:  mysqli::mysqli(): (HY000/1045): Access denied for user 'jslbrown_user'@'localhost' (using password: YES) in D:\\Wall of History\\root\\php\\db_connect.php on line 9, referer: http://localhost:8080/
[Thu Oct 29 14:46:34.668923 2020] [:error] [pid 7728:tid 1340] [client ::1:49798] PHP Warning:  mysqli_set_charset(): Couldn't fetch mysqli in D:\\Wall of History\\root\\php\\db_connect.php on line 10, referer: http://localhost:8080/
[Thu Oct 29 14:46:34.668923 2020] [:error] [pid 7728:tid 1340] [client ::1:49798] PHP Warning:  mysqli::query(): Couldn't fetch mysqli in D:\\Wall of History\\root\\read\\index.php on line 127, referer: http://localhost:8080/
[Thu Oct 29 14:46:34.668923 2020] [:error] [pid 7728:tid 1340] [client ::1:49798] PHP Notice:  Trying to get property of non-object in D:\\Wall of History\\root\\read\\index.php on line 129, referer: http://localhost:8080/
[Thu Oct 29 14:46:34.668923 2020] [:error] [pid 7728:tid 1340] [client ::1:49798] PHP Warning:  mysqli::close(): Couldn't fetch mysqli in D:\\Wall of History\\root\\read\\index.php on line 156, referer: http://localhost:8080/
[Thu Oct 29 14:46:34.679800 2020] [:error] [pid 7728:tid 1340] [client ::1:49798] PHP Warning:  mysqli::mysqli(): (HY000/1045): Access denied for user 'jslbrown_user'@'localhost' (using password: YES) in D:\\Wall of History\\root\\php\\db_connect.php on line 9, referer: http://localhost:8080/
[Thu Oct 29 14:46:34.679800 2020] [:error] [pid 7728:tid 1340] [client ::1:49798] PHP Warning:  mysqli_set_charset(): Couldn't fetch mysqli in D:\\Wall of History\\root\\php\\db_connect.php on line 10, referer: http://localhost:8080/
[Thu Oct 29 14:46:34.679800 2020] [:error] [pid 7728:tid 1340] [client ::1:49798] PHP Warning:  mysqli::query(): Couldn't fetch mysqli in D:\\Wall of History\\root\\read\\index.php on line 167, referer: http://localhost:8080/
[Thu Oct 29 14:46:34.679800 2020] [:error] [pid 7728:tid 1340] [client ::1:49798] PHP Notice:  Trying to get property of non-object in D:\\Wall of History\\root\\read\\index.php on line 169, referer: http://localhost:8080/
[Thu Oct 29 14:46:34.679800 2020] [:error] [pid 7728:tid 1340] [client ::1:49798] PHP Warning:  mysqli::close(): Couldn't fetch mysqli in D:\\Wall of History\\root\\read\\index.php on line 186, referer: http://localhost:8080/
